{"logTime": "0513/124229", "correlationVector":"MjQ2dosPyEJMzM6sJKHIjE.1","action":"SyncServerConnectionManagerRequest", "result":"SYNC_SERVER_OK", "context":{"environment":"Prod_westeurope_prod-s01-079-eur-westeurope", "migrationStage":"NotStarted", "server":"akswtt001000013"}}
{"logTime": "0513/124229", "correlationVector":"MjQ2dosPyEJMzM6sJKHIjE.2","action":"ProcessGetUpdates", "result":"Done", "context":{"dataType":"Encryption Keys", "deleted":"0", "process_failed_to_decrypt":"0", "process_pending_decryption":"0", "process_success":"1", "total":"1"}}
{"logTime": "0513/124229", "correlationVector":"lQI7KPXcvdyZzH2IFw48U7","action":"SyncServerConnectionManagerRequest", "result":"SYNC_SERVER_OK", "context":{"environment":"", "migrationStage":"", "server":""}}
{"logTime": "0513/124229", "correlationVector":"lQI7KPXcvdyZzH2IFw48U7.0","action":"EncryptionKeysFetcher.DownloadKeys:", "result":"Success", "context":Key count: 10, Last key timestamp: 2025-11-17T10:15:50Z}
{"logTime": "0513/124229", "correlationVector":"lQI7KPXcvdyZzH2IFw48U7.1","action":"EncryptionKeysManager::SetEncryptionKeys:", "result":"Success", "context":Key names[10]:[sdev6Jdk8OClbTsuX0v8yve5FAvk7QcUUGiZtb4GiIipKcverHbOAQAHt1zxKczTk++/Vjj6z0PXqh+CwXRGMQ==][jCO23JzIIuJ3r7fD8xezokcYU+E/rN35GUfvvvZobdhrwldSIl4IWZxc5uuHE+YPeT4iy1V69tBVt4cDWrfY2A==][oamFw8nvCAJ5NAjKQskH+GEf/JzfZJCbVmiz3LbKgqDWGpFKABOat2TGOmohO5QWOFFJG4lVAI4YXFbsGfPYng==][TeSquTMzZKNt+Nddlt24MwtUZ2G3qF+UbZeHfUIkMEykBeea/WQY9vu96pk9bEK9+xjjm0jfbfWMKLRv6eex3w==][DrUicOSS5hDqlkjOgK9MY2BHI6cWSvV9mae0fcrYjD+sU9k0X7ghO0Tko6TOTkhcL1z60NL+OgbBeWWfKLqL9A==][J7r3B9ygiWAkhaKoZiP5jKmdQ3grqjDBKzpIbSZCESS7BUfX9EtEfensiHxmekV+vvzr0UIpb12O5baD1u0WXA==][YxL5GoDDQOz2PGvOJ3Za6/uUVP1hqvdINxXXoavvvKumyDUX25MJraRAhtlxVHwNK0TONHY+b3GxS3bEP3q66Q==][UQpTsuPcoMd6VfWoWuFBft9f+zpDcSIGGA2XFuW8yCqzFl1VjyWDyd3dyXVMSdNIqFiIGmCnAEkhiyeKGZP7Jw==][OyWmmzomcbPttmG3EZynGTH3ftbPCK29ld7ZtN9mWp0kpZY9w4u/YBIylrEG0GAMpyV6nJYJe+P6EipPrFly/g==][LfMov5D3azooRYbro0TH7DVPE5k4IPHI/eHO37DXUWbH0jnieVck3hi7puQuJPpMbDKg4k/i2OyMnjZ6bGB2Xw==]}
{"logTime": "0513/124229", "correlationVector":"lQI7KPXcvdyZzH2IFw48U7.2","action":"EncryptionKeysManager::SetEncryptionKeysWithTimestamps:", "result":"Success", "context":Key timestamps[10]:[2023-01-30T14:20:11Z][2023-05-11T21:40:21Z][2023-06-19T10:30:08Z][2023-08-17T14:52:55Z][2023-10-19T03:32:04Z][2024-04-16T06:01:32Z][2024-10-26T07:26:49Z][2024-11-17T12:18:43Z][2025-05-20T13:45:25Z][2025-11-17T10:15:50Z]}
{"logTime": "0513/124229", "correlationVector":"MjQ2dosPyEJMzM6sJKHIjE","action":"Initial GetUpdates", "result":"", "context":Reason: NEW_CLIENT. cV=MjQ2dosPyEJMzM6sJKHIjE}
{"logTime": "0513/124229", "correlationVector":"MjQ2dosPyEJMzM6sJKHIjE.3","action":"GetUpdates Response", "result":"Success", "context":Received 1 update(s). cV=MjQ2dosPyEJMzM6sJKHIjE.0;server=akswtt001000013;cloudType=Consumer;environment=Prod_westeurope_prod-s01-079-eur-westeurope;migrationStage=NotStarted}
{"logTime": "0513/124229", "correlationVector":"CFtTgyRCEY28QgeO7CyTbi","action":"Initial GetUpdates", "result":"", "context":Reason: NEWLY_SUPPORTED_DATATYPE. cV=CFtTgyRCEY28QgeO7CyTbi}
{"logTime": "0513/124230", "correlationVector":"CFtTgyRCEY28QgeO7CyTbi.1","action":"SyncServerConnectionManagerRequest", "result":"SYNC_SERVER_OK", "context":{"environment":"Prod_westeurope_prod-s01-079-eur-westeurope", "migrationStage":"NotStarted", "server":"akswtt001000013"}}
{"logTime": "0513/124230", "correlationVector":"CFtTgyRCEY28QgeO7CyTbi.2","action":"ProcessGetUpdates", "result":"Done", "context":{"dataType":"Preferences", "deleted":"0", "process_failed_to_decrypt":"0", "process_pending_decryption":"0", "process_success":"63", "total":"63"}}
{"logTime": "0513/124230", "correlationVector":"CFtTgyRCEY28QgeO7CyTbi.3","action":"ProcessGetUpdates", "result":"Done", "context":{"dataType":"Passwords", "deleted":"0", "process_failed_to_decrypt":"0", "process_pending_decryption":"0", "process_success":"6", "total":"6"}}
{"logTime": "0513/124230", "correlationVector":"CFtTgyRCEY28QgeO7CyTbi.4","action":"ProcessGetUpdates", "result":"Done", "context":{"dataType":"Device Info", "deleted":"0", "process_failed_to_decrypt":"0", "process_pending_decryption":"0", "process_success":"5", "total":"5"}}
{"logTime": "0513/124230", "correlationVector":"CFtTgyRCEY28QgeO7CyTbi.5","action":"GetUpdates Response", "result":"Success", "context":Received 74 update(s). cV=CFtTgyRCEY28QgeO7CyTbi.0;server=akswtt001000013;cloudType=Consumer;environment=Prod_westeurope_prod-s01-079-eur-westeurope;migrationStage=NotStarted}
{"logTime": "0513/124230", "correlationVector":"HT2TcrSjMzxwaCw3UyMOWJ","action":"Initial GetUpdates", "result":"", "context":Reason: NEWLY_SUPPORTED_DATATYPE. cV=HT2TcrSjMzxwaCw3UyMOWJ}
{"logTime": "0513/124230", "correlationVector":"HT2TcrSjMzxwaCw3UyMOWJ.1","action":"SyncServerConnectionManagerRequest", "result":"SYNC_SERVER_OK", "context":{"environment":"Prod_germanywestcentral_prod-s01-010-eur-germanywestcentral", "migrationStage":"NotStarted", "server":"akswtt00100000k"}}
{"logTime": "0513/124230", "correlationVector":"HT2TcrSjMzxwaCw3UyMOWJ.2","action":"ProcessGetUpdates", "result":"Done", "context":{"dataType":"Bookmarks", "deleted":"0", "process_failed_to_decrypt":"0", "process_pending_decryption":"0", "process_success":"7", "total":"7"}}
{"logTime": "0513/124230", "correlationVector":"HT2TcrSjMzxwaCw3UyMOWJ.3","action":"GetUpdates Response", "result":"Success", "context":Received 7 update(s). cV=HT2TcrSjMzxwaCw3UyMOWJ.0;server=akswtt00100000k;cloudType=Consumer;environment=Prod_germanywestcentral_prod-s01-010-eur-germanywestcentral;migrationStage=NotStarted}
{"logTime": "0513/124230", "correlationVector":"wsnGg9E92iN5DqWksAIcTC","action":"Initial GetUpdates", "result":"", "context":Reason: NEWLY_SUPPORTED_DATATYPE. cV=wsnGg9E92iN5DqWksAIcTC}
{"logTime": "0513/124230", "correlationVector":"wsnGg9E92iN5DqWksAIcTC.1","action":"SyncServerConnectionManagerRequest", "result":"SYNC_SERVER_OK", "context":{"environment":"Prod_westeurope_prod-s01-079-eur-westeurope", "migrationStage":"NotStarted", "server":"akswtt001000003"}}
{"logTime": "0513/124230", "correlationVector":"wsnGg9E92iN5DqWksAIcTC.2","action":"ProcessGetUpdates", "result":"Done", "context":{"dataType":"Autofill Profiles", "deleted":"0", "process_failed_to_decrypt":"0", "process_pending_decryption":"0", "process_success":"1", "total":"1"}}
{"logTime": "0513/124230", "correlationVector":"wsnGg9E92iN5DqWksAIcTC.3","action":"ProcessGetUpdates", "result":"Done", "context":{"dataType":"Autofill", "deleted":"0", "process_failed_to_decrypt":"0", "process_pending_decryption":"0", "process_success":"4", "total":"4"}}
{"logTime": "0513/124230", "correlationVector":"wsnGg9E92iN5DqWksAIcTC.4","action":"ProcessGetUpdates", "result":"Done", "context":{"dataType":"Extensions", "deleted":"0", "process_failed_to_decrypt":"0", "process_pending_decryption":"0", "process_success":"1", "total":"1"}}
{"logTime": "0513/124230", "correlationVector":"wsnGg9E92iN5DqWksAIcTC.5","action":"ProcessGetUpdates", "result":"Done", "context":{"dataType":"Sessions", "deleted":"17", "process_failed_to_decrypt":"0", "process_pending_decryption":"0", "process_success":"18", "total":"18"}}
{"logTime": "0513/124230", "correlationVector":"wsnGg9E92iN5DqWksAIcTC.6","action":"ProcessGetUpdates", "result":"Done", "context":{"dataType":"Extension settings", "deleted":"0", "process_failed_to_decrypt":"0", "process_pending_decryption":"0", "process_success":"4", "total":"4"}}
{"logTime": "0513/124230", "correlationVector":"wsnGg9E92iN5DqWksAIcTC.7","action":"ProcessGetUpdates", "result":"Done", "context":{"dataType":"Web Apps", "deleted":"0", "process_failed_to_decrypt":"0", "process_pending_decryption":"0", "process_success":"1", "total":"1"}}
{"logTime": "0513/124230", "correlationVector":"wsnGg9E92iN5DqWksAIcTC.8","action":"ProcessGetUpdates", "result":"Done", "context":{"dataType":"Edge Hub App Usage", "deleted":"7", "process_failed_to_decrypt":"0", "process_pending_decryption":"0", "process_success":"11", "total":"11"}}
{"logTime": "0513/124230", "correlationVector":"wsnGg9E92iN5DqWksAIcTC.9","action":"GetUpdates Response", "result":"Success", "context":Received 40 update(s). cV=wsnGg9E92iN5DqWksAIcTC.0;server=akswtt001000003;cloudType=Consumer;environment=Prod_westeurope_prod-s01-079-eur-westeurope;migrationStage=NotStarted}
{"logTime": "0513/124230", "correlationVector":"4hcRALmDNdZSMjFNYiQCR8","action":"Initial GetUpdates", "result":"", "context":Reason: NEWLY_SUPPORTED_DATATYPE. cV=4hcRALmDNdZSMjFNYiQCR8}
{"logTime": "0513/124230", "correlationVector":"4hcRALmDNdZSMjFNYiQCR8.1","action":"SyncServerConnectionManagerRequest", "result":"SYNC_SERVER_OK", "context":{"environment":"Prod_westeurope_prod-s01-079-eur-westeurope", "migrationStage":"NotStarted", "server":"akswtt001000013"}}
{"logTime": "0513/124230", "correlationVector":"4hcRALmDNdZSMjFNYiQCR8.2","action":"ProcessGetUpdates", "result":"Done", "context":{"dataType":"History", "deleted":"0", "process_failed_to_decrypt":"0", "process_pending_decryption":"0", "process_success":"26", "total":"26"}}
{"logTime": "0513/124230", "correlationVector":"4hcRALmDNdZSMjFNYiQCR8.3","action":"GetUpdates Response", "result":"Success", "context":Received 26 update(s). cV=4hcRALmDNdZSMjFNYiQCR8.0;server=akswtt001000013;cloudType=Consumer;environment=Prod_westeurope_prod-s01-079-eur-westeurope;migrationStage=NotStarted}
{"logTime": "0513/124231", "correlationVector":"XOphe2bt3a6FcQoSlIsAv6","action":"Normal GetUpdate request", "result":"", "context":cV=XOphe2bt3a6FcQoSlIsAv6
Nudged types: Sessions, Device Info, User Consents
Refresh requested types: Bookmarks, Preferences, Passwords, Autofill Profiles, Autofill, Extensions, Sessions, Extension settings, History Delete Directives, Device Info, User Consents, Send Tab To Self, Web Apps, History, Saved Tab Group, WebAuthn Credentials, Collection, Edge E Drop, Edge Hub App Usage, Edge Wallet, Edge Workspace, Encryption Keys}
{"logTime": "0513/124231", "correlationVector":"XOphe2bt3a6FcQoSlIsAv6.1","action":"SyncServerConnectionManagerRequest", "result":"SYNC_SERVER_OK", "context":{"environment":"Prod_westeurope_prod-s01-079-eur-westeurope", "migrationStage":"NotStarted", "server":"akswtt00100000k"}}
{"logTime": "0513/124231", "correlationVector":"XOphe2bt3a6FcQoSlIsAv6.2","action":"GetUpdates Response", "result":"Success", "context":Received 0 update(s). cV=XOphe2bt3a6FcQoSlIsAv6.0;server=akswtt00100000k;cloudType=Consumer;environment=Prod_westeurope_prod-s01-079-eur-westeurope;migrationStage=NotStarted}
{"logTime": "0513/124231", "correlationVector":"ui3KfjjFBU68AeoxuHvJZI","action":"Commit Request", "result":"", "context":Item count: 5
Contributing types: Preferences, Sessions, Device Info, User Consents}
{"logTime": "0513/124231", "correlationVector":"ui3KfjjFBU68AeoxuHvJZI.1","action":"SyncServerConnectionManagerRequest", "result":"SYNC_SERVER_OK", "context":{"environment":"Prod_germanywestcentral_prod-s01-010-eur-germanywestcentral", "migrationStage":"NotStarted", "server":"akswtt001000028"}}
{"logTime": "0513/124231", "correlationVector":"ui3KfjjFBU68AeoxuHvJZI.2","action":"Commit Response", "result":"Success", "context":Result: Success. cV=ui3KfjjFBU68AeoxuHvJZI.0;server=akswtt001000028;cloudType=Consumer;environment=Prod_germanywestcentral_prod-s01-010-eur-germanywestcentral;migrationStage=NotStarted}
{"logTime": "0513/124231", "correlationVector":"kUNd+xPHqi0EEIR9sXQ3V/","action":"Commit Request", "result":"", "context":Item count: 4
Contributing types: Preferences, Passwords}
{"logTime": "0513/124232", "correlationVector":"kUNd+xPHqi0EEIR9sXQ3V/.1","action":"SyncServerConnectionManagerRequest", "result":"SYNC_SERVER_OK", "context":{"environment":"Prod_germanywestcentral_prod-s01-010-eur-germanywestcentral", "migrationStage":"NotStarted", "server":"akswtt00100001p"}}
{"logTime": "0513/124232", "correlationVector":"kUNd+xPHqi0EEIR9sXQ3V/.2","action":"Commit Response", "result":"Success", "context":Result: Success. cV=kUNd+xPHqi0EEIR9sXQ3V/.0;server=akswtt00100001p;cloudType=Consumer;environment=Prod_germanywestcentral_prod-s01-010-eur-germanywestcentral;migrationStage=NotStarted}
{"logTime": "0513/124234", "correlationVector":"w8T13oSj3WKFO78Qt8lX7p","action":"Commit Request", "result":"", "context":Item count: 2
Contributing types: Edge Hub App Usage}
{"logTime": "0513/124235", "correlationVector":"w8T13oSj3WKFO78Qt8lX7p.1","action":"SyncServerConnectionManagerRequest", "result":"SYNC_SERVER_OK", "context":{"environment":"Prod_westeurope_prod-s01-079-eur-westeurope", "migrationStage":"NotStarted", "server":"akswtt001000000"}}
{"logTime": "0513/124235", "correlationVector":"w8T13oSj3WKFO78Qt8lX7p.2","action":"Commit Response", "result":"Success", "context":Result: Success. cV=w8T13oSj3WKFO78Qt8lX7p.0;server=akswtt001000000;cloudType=Consumer;environment=Prod_westeurope_prod-s01-079-eur-westeurope;migrationStage=NotStarted}
