2026-05-13 12:42:24.958: [INFO] VisibilityChanged: 0
2026-05-13 12:42:24.998: [INFO] RecordSyncInitDuration has_sync_been_enabled: 0 state: 0
2026-05-13 12:42:24.999: [INFO] RecordSyncInitDuration has_sync_been_enabled: 0 state: 0
2026-05-13 12:42:25.002: [INFO] RecordSyncInitDuration has_sync_been_enabled: 0 state: 0
2026-05-13 12:42:25.004: [INFO] RecordSyncInitDuration has_sync_been_enabled: 0 state: 0
2026-05-13 12:42:25.005: [INFO] RecordSyncInitDuration has_sync_been_enabled: 0 state: 0
2026-05-13 12:42:25.007: [INFO] RecordSyncInitDuration has_sync_been_enabled: 0 state: 0
2026-05-13 12:42:25.008: [INFO] RecordSyncInitDuration has_sync_been_enabled: 0 state: 0
2026-05-13 12:42:25.009: [INFO] RecordSyncInitDuration has_sync_been_enabled: 0 state: 0
2026-05-13 12:42:25.011: [INFO] RecordSyncInitDuration has_sync_been_enabled: 0 state: 0
2026-05-13 12:42:25.012: [INFO] RecordSyncInitDuration has_sync_been_enabled: 0 state: 0
2026-05-13 12:42:25.013: [INFO] RecordSyncInitDuration has_sync_been_enabled: 0 state: 0
2026-05-13 12:42:25.014: [INFO] RecordSyncInitDuration has_sync_been_enabled: 0 state: 0
2026-05-13 12:42:25.030: [INFO] BookmarkNodeAdded, ABU: 0
2026-05-13 12:42:25.031: [INFO] BookmarkNodeAdded, ABU: 0
2026-05-13 12:42:25.031: [INFO] BookmarkNodeAdded, ABU: 0
2026-05-13 12:42:25.031: [INFO] BookmarkModelLoaded, ids_reassigned: 0
2026-05-13 12:42:25.031: [INFO] OnDoneLoading sync enabled: 0
2026-05-13 12:42:25.098: [INFO] RecordSyncInitDuration has_sync_been_enabled: 0 state: 0
2026-05-13 12:42:27.706: [INFO] RecordSyncInitDuration has_sync_been_enabled: 0 state: 0
2026-05-13 12:42:27.783: [INFO] RecordSyncInitDuration has_sync_been_enabled: 0 state: 3
2026-05-13 12:42:27.784: [INFO] Primary account changed.
2026-05-13 12:42:27.784: [INFO] OnPrimaryAccountChanged PrimaryAccountChangeEvent::Type::kSet
2026-05-13 12:42:27.786: [INFO] RecordSyncInitDuration has_sync_been_enabled: 0 state: 3
2026-05-13 12:42:30.460: [INFO] BookmarkNodeAdded, ABU: 0
2026-05-13 12:42:30.724: [INFO] Sync initialization duration: 2403ms
